<?xml version="1.0" encoding="UTF-8"?>
<!-- Generated by org.testng.reporters.JUnitReportReporter -->
<testsuite skipped="0" hostname="PREETISH-PC" name="testRunner.TestNGRunner" tests="1" failures="0" timestamp="30 Sep 2021 00:52:16 GMT" time="22.060" errors="0">
  <testcase name="feature" time="22.060" classname="testRunner.TestNGRunner"/>
</testsuite> <!-- testRunner.TestNGRunner -->
